#batteryCapacity:9000;;
#batteryCapacity:9000;;
#kl:30;;
#batteryCapacity:9000;;
#kl:30;;
#batteryCapacity:9000;;
#kl:30;;
#batteryCapacity:9000;;
#kl:30;;
#steer:15;;
#batteryCapacity:9000;;
#kl:30;;
#steer:20;;
#batteryCapacity:9000;;
#kl:30;;
#vcd:20;20;100;;
#batteryCapacity:9000;;
#kl:30;;
#batteryCapacity:9000;;
#kl:30;;
#batteryCapacity:9000;;
#kl:30;;
#batteryCapacity:9000;;
#kl:30;;
#batteryCapacity:9000;;
#kl:30;;
#batteryCapacity:9000;;
#kl:30;;
#batteryCapacity:9000;;
#kl:30;;
#batteryCapacity:9000;;
#kl:30;;
#vcd:30;-20;100;;
